<?xml version="1.0" encoding="utf-8" standalone="no"?>
<test-run id="2" testcasecount="1" result="Failed" total="1" passed="0" failed="1" inconclusive="0" skipped="0" asserts="0" engine-version="3.6.0.0" clr-version="4.0.30319.42000" start-time="2017-02-22 13:12:54Z" end-time="2017-02-22 13:13:01Z" duration="6.788600">
  <command-line><![CDATA[nunit3-console.exe  C:\Users\Nanouk\Documents\SeleniumAutotestDotNet\SeleniumAutotestDotNet\bin\Debug\SeleniumAutotestDotNet.dll]]></command-line>
  <test-suite type="Assembly" id="0-1002" name="SeleniumAutotestDotNet.dll" fullname="C:\Users\Nanouk\Documents\SeleniumAutotestDotNet\SeleniumAutotestDotNet\bin\Debug\SeleniumAutotestDotNet.dll" runstate="Runnable" testcasecount="1" result="Failed" site="Child" start-time="2017-02-22 13:12:55Z" end-time="2017-02-22 13:13:01Z" duration="5.597422" total="1" passed="0" failed="1" warnings="0" inconclusive="0" skipped="0" asserts="0">
    <environment framework-version="3.6.0.0" clr-version="4.0.30319.42000" os-version="Microsoft Windows NT 6.1.7601 Service Pack 1" platform="Win32NT" cwd="C:\Users\Nanouk\Documents\SeleniumAutotestDotNet\packages\NUnit.ConsoleRunner.3.6.0\tools" machine-name="NANOUKWIN" user="Nanouk" user-domain="NanoukWin" culture="sv-SE" uiculture="en-US" os-architecture="x64" />
    <settings>
      <setting name="DisposeRunners" value="True" />
      <setting name="WorkDirectory" value="C:\Users\Nanouk\Documents\SeleniumAutotestDotNet\packages\NUnit.ConsoleRunner.3.6.0\tools" />
      <setting name="ImageRuntimeVersion" value="4.0.30319" />
      <setting name="ImageTargetFrameworkName" value=".NETFramework,Version=v4.6.1" />
      <setting name="ImageRequiresX86" value="False" />
      <setting name="ImageRequiresDefaultAppDomainAssemblyResolver" value="False" />
      <setting name="NumberOfTestWorkers" value="2" />
    </settings>
    <properties>
      <property name="_PID" value="4392" />
      <property name="_APPDOMAIN" value="domain-" />
    </properties>
    <failure>
      <message><![CDATA[One or more child tests had errors]]></message>
    </failure>
    <test-suite type="TestSuite" id="0-1003" name="SeleniumAutotestDotNet" fullname="SeleniumAutotestDotNet" runstate="Runnable" testcasecount="1" result="Failed" site="Child" start-time="2017-02-22 13:12:55Z" end-time="2017-02-22 13:13:01Z" duration="5.552338" total="1" passed="0" failed="1" warnings="0" inconclusive="0" skipped="0" asserts="0">
      <failure>
        <message><![CDATA[One or more child tests had errors]]></message>
      </failure>
      <test-suite type="TestSuite" id="0-1004" name="Tests" fullname="SeleniumAutotestDotNet.Tests" runstate="Runnable" testcasecount="1" result="Failed" site="Child" start-time="2017-02-22 13:12:55Z" end-time="2017-02-22 13:13:01Z" duration="5.550694" total="1" passed="0" failed="1" warnings="0" inconclusive="0" skipped="0" asserts="0">
        <failure>
          <message><![CDATA[One or more child tests had errors]]></message>
        </failure>
        <test-suite type="TestFixture" id="0-1000" name="SearchTests" fullname="SeleniumAutotestDotNet.Tests.SearchTests" classname="SeleniumAutotestDotNet.Tests.SearchTests" runstate="Runnable" testcasecount="1" result="Failed" site="Child" start-time="2017-02-22 13:12:55Z" end-time="2017-02-22 13:13:01Z" duration="5.520787" total="1" passed="0" failed="1" warnings="0" inconclusive="0" skipped="0" asserts="0">
          <properties>
            <property name="ParallelScope" value="Fixtures" />
          </properties>
          <failure>
            <message><![CDATA[One or more child tests had errors]]></message>
          </failure>
          <test-case id="0-1001" name="AddProductToCart" fullname="SeleniumAutotestDotNet.Tests.SearchTests.AddProductToCart" methodname="AddProductToCart" classname="SeleniumAutotestDotNet.Tests.SearchTests" runstate="Runnable" seed="516978870" result="Failed" label="Error" start-time="2017-02-22 13:12:55Z" end-time="2017-02-22 13:13:01Z" duration="5.504004" asserts="0">
            <failure>
              <message><![CDATA[System.InvalidOperationException : corrupt deflate stream
TearDown : System.NullReferenceException : Object reference not set to an instance of an object.]]></message>
              <stack-trace><![CDATA[   at OpenQA.Selenium.Remote.RemoteWebDriver.UnpackAndThrowOnError(Response errorResponse)
   at OpenQA.Selenium.Remote.RemoteWebDriver.Execute(String driverCommandToExecute, Dictionary`2 parameters)
   at OpenQA.Selenium.Remote.RemoteWebDriver.StartSession(ICapabilities desiredCapabilities)
   at OpenQA.Selenium.Remote.RemoteWebDriver..ctor(ICommandExecutor commandExecutor, ICapabilities desiredCapabilities)
   at OpenQA.Selenium.Firefox.FirefoxDriver..ctor(FirefoxOptions options)
   at SeleniumAutotestDotNet.Supports.TestSupport.StartBrowser(String browser)
   at SeleniumAutotestDotNet.Supports.WebDriver..ctor()
   at SeleniumAutotestDotNet.Tests.TestBase.Setup()
--TearDown
   at SeleniumAutotestDotNet.Tests.TestBase.TearDown()]]></stack-trace>
            </failure>
          </test-case>
        </test-suite>
      </test-suite>
    </test-suite>
  </test-suite>
</test-run>